<?xml version="1.0" encoding="UTF-8"?>
<!-- Generated by org.testng.reporters.JUnitXMLReporter -->
<testsuite hostname="SVRODK00054" name="testme1" tests="2" failures="0" timestamp="2 Aug 2018 13:11:58 GMT" time="0.065" errors="0">
  <testcase name="@BeforeClass beforeClassTest" time="0.0" classname="tests.HomeTest">
    <failure type="java.lang.NullPointerException">
      <![CDATA[java.lang.NullPointerException
	at com.google.common.base.Preconditions.checkNotNull(Preconditions.java:882)
	at org.openqa.selenium.support.ui.FluentWait.<init>(FluentWait.java:104)
	at org.openqa.selenium.support.ui.WebDriverWait.<init>(WebDriverWait.java:71)
	at org.openqa.selenium.support.ui.WebDriverWait.<init>(WebDriverWait.java:45)
	at pages.BasePage.initSetP(BasePage.java:19)
	at tests.BaseTest.beforeClassTest(BaseTest.java:19)
... Removed 24 stack frames]]>
    </failure>
  </testcase> <!-- @BeforeClass beforeClassTest -->
  <testcase name="@AfterClass afterClassTest" time="0.0" classname="tests.HomeTest">
    <skipped/>
  </testcase> <!-- @AfterClass afterClassTest -->
  <testcase name="navigateToHomeTest" time="0.001" classname="tests.HomeTest">
    <skipped/>
  </testcase> <!-- navigateToHomeTest -->
  <testcase name="navigateToDemoTabsTest" time="0.001" classname="tests.HomeTest">
    <skipped/>
  </testcase> <!-- navigateToDemoTabsTest -->
</testsuite> <!-- testme1 -->
