<?xml version="1.0" encoding="UTF-8"?>
<testng-results skipped="0" failed="0" total="2" passed="2">
  <reporter-output>
  </reporter-output>
  <suite name="Default suite" duration-ms="8959" started-at="2018-08-02T13:54:45Z" finished-at="2018-08-02T13:54:54Z">
    <groups>
    </groups>
    <test name="Default test" duration-ms="8959" started-at="2018-08-02T13:54:45Z" finished-at="2018-08-02T13:54:54Z">
      <class name="tests.HomeTest">
        <test-method status="PASS" signature="beforeClassTest()[pri:0, instance:tests.HomeTest@7823a2f9]" name="beforeClassTest" is-config="true" duration-ms="2425" started-at="2018-08-02T16:54:45Z" finished-at="2018-08-02T16:54:47Z">
          <reporter-output>
          </reporter-output>
        </test-method> <!-- beforeClassTest -->
        <test-method status="PASS" signature="navigateToHomeTest()[pri:1, instance:tests.HomeTest@7823a2f9]" name="navigateToHomeTest" duration-ms="4726" started-at="2018-08-02T16:54:47Z" finished-at="2018-08-02T16:54:52Z">
          <reporter-output>
          </reporter-output>
        </test-method> <!-- navigateToHomeTest -->
        <test-method status="PASS" signature="navigateToDemoTabsTest()[pri:2, instance:tests.HomeTest@7823a2f9]" name="navigateToDemoTabsTest" duration-ms="1128" started-at="2018-08-02T16:54:52Z" finished-at="2018-08-02T16:54:53Z">
          <reporter-output>
          </reporter-output>
        </test-method> <!-- navigateToDemoTabsTest -->
        <test-method status="PASS" signature="afterClassTest()[pri:0, instance:tests.HomeTest@7823a2f9]" name="afterClassTest" is-config="true" duration-ms="662" started-at="2018-08-02T16:54:53Z" finished-at="2018-08-02T16:54:54Z">
          <reporter-output>
          </reporter-output>
        </test-method> <!-- afterClassTest -->
      </class> <!-- tests.HomeTest -->
    </test> <!-- Default test -->
  </suite> <!-- Default suite -->
</testng-results>
